[2026-03-03 15:48:35] Starting analysis of C:\Users\hv190\OneDrive\ドキュメント\Semester\CD\ML-Basedcodesmelldetectotion compiler\temp_analysis.py
[2026-03-03 15:48:35] AST parsing complete. Starting traversal...
[2026-03-03 15:48:35] AST traversal complete. Checking regex-based smells...
[2026-03-03 15:48:35] Running Data Flow and Taint Analysis...
[2026-03-03 15:48:35] Analysis complete for C:\Users\hv190\OneDrive\ドキュメント\Semester\CD\ML-Basedcodesmelldetectotion compiler\temp_analysis.py. Found 0 smells.
[2026-03-03 15:48:38] Starting analysis of C:\Users\hv190\OneDrive\ドキュメント\Semester\CD\ML-Basedcodesmelldetectotion compiler\temp_analysis.py
[2026-03-03 15:48:38] AST parsing complete. Starting traversal...
[2026-03-03 15:48:38] AST traversal complete. Checking regex-based smells...
[2026-03-03 15:48:38] Running Data Flow and Taint Analysis...
[2026-03-03 15:48:38] Analysis complete for C:\Users\hv190\OneDrive\ドキュメント\Semester\CD\ML-Basedcodesmelldetectotion compiler\temp_analysis.py. Found 6 smells.
[2026-03-03 15:49:38] Starting analysis of C:\Users\hv190\OneDrive\ドキュメント\Semester\CD\ML-Basedcodesmelldetectotion compiler\temp_analysis.py
[2026-03-03 15:49:38] AST parsing complete. Starting traversal...
[2026-03-03 15:49:38] AST traversal complete. Checking regex-based smells...
[2026-03-03 15:49:38] Running Data Flow and Taint Analysis...
[2026-03-03 15:49:38] Analysis complete for C:\Users\hv190\OneDrive\ドキュメント\Semester\CD\ML-Basedcodesmelldetectotion compiler\temp_analysis.py. Found 0 smells.
[2026-03-03 15:49:42] Starting analysis of C:\Users\hv190\OneDrive\ドキュメント\Semester\CD\ML-Basedcodesmelldetectotion compiler\temp_analysis.py
[2026-03-03 15:49:42] AST parsing complete. Starting traversal...
[2026-03-03 15:49:42] AST traversal complete. Checking regex-based smells...
[2026-03-03 15:49:42] Running Data Flow and Taint Analysis...
[2026-03-03 15:49:42] Analysis complete for C:\Users\hv190\OneDrive\ドキュメント\Semester\CD\ML-Basedcodesmelldetectotion compiler\temp_analysis.py. Found 6 smells.
[2026-03-03 15:53:22] Starting analysis of C:\Users\hv190\OneDrive\ドキュメント\Semester\CD\ML-Basedcodesmelldetectotion compiler\temp_analysis.py
[2026-03-03 15:53:22] AST parsing complete. Starting traversal...
[2026-03-03 15:53:22] AST traversal complete. Checking regex-based smells...
[2026-03-03 15:53:22] Running Data Flow and Taint Analysis...
[2026-03-03 15:53:22] Analysis complete for C:\Users\hv190\OneDrive\ドキュメント\Semester\CD\ML-Basedcodesmelldetectotion compiler\temp_analysis.py. Found 0 smells.
[2026-03-03 15:53:26] Starting analysis of C:\Users\hv190\OneDrive\ドキュメント\Semester\CD\ML-Basedcodesmelldetectotion compiler\temp_analysis.py
[2026-03-03 15:53:26] AST parsing complete. Starting traversal...
[2026-03-03 15:53:26] AST traversal complete. Checking regex-based smells...
[2026-03-03 15:53:26] Running Data Flow and Taint Analysis...
[2026-03-03 15:53:26] Analysis complete for C:\Users\hv190\OneDrive\ドキュメント\Semester\CD\ML-Basedcodesmelldetectotion compiler\temp_analysis.py. Found 6 smells.
[2026-03-03 15:55:26] Starting analysis of C:\Users\hv190\OneDrive\ドキュメント\Semester\CD\ML-Basedcodesmelldetectotion compiler\temp_analysis.py
[2026-03-03 15:55:26] AST parsing complete. Starting traversal...
[2026-03-03 15:55:26] AST traversal complete. Checking regex-based smells...
[2026-03-03 15:55:26] Running Data Flow and Taint Analysis...
[2026-03-03 15:55:26] Analysis complete for C:\Users\hv190\OneDrive\ドキュメント\Semester\CD\ML-Basedcodesmelldetectotion compiler\temp_analysis.py. Found 0 smells.
[2026-03-03 15:55:29] Starting analysis of C:\Users\hv190\OneDrive\ドキュメント\Semester\CD\ML-Basedcodesmelldetectotion compiler\temp_analysis.py
[2026-03-03 15:55:29] AST parsing complete. Starting traversal...
[2026-03-03 15:55:29] AST traversal complete. Checking regex-based smells...
[2026-03-03 15:55:29] Running Data Flow and Taint Analysis...
[2026-03-03 15:55:29] Analysis complete for C:\Users\hv190\OneDrive\ドキュメント\Semester\CD\ML-Basedcodesmelldetectotion compiler\temp_analysis.py. Found 6 smells.
[2026-03-08 21:36:45] Starting analysis of vulnerable_code.py
[2026-03-08 21:36:45] AST parsing complete. Starting traversal...
[2026-03-08 21:36:45] AST traversal complete. Checking regex-based smells...
[2026-03-08 21:36:45] Running Data Flow and Taint Analysis...
[2026-03-08 21:36:45] Running ML-based Prediction Pipeline...
[2026-03-08 21:36:45] Analysis complete for vulnerable_code.py. Found 7 smells.
[2026-03-08 21:41:07] Starting analysis of C:\Users\hv190\OneDrive\ドキュメント\Semester\CD\ML-Basedcodesmelldetectotion compiler\temp_analysis.py
[2026-03-08 21:41:07] AST parsing complete. Starting traversal...
[2026-03-08 21:41:07] AST traversal complete. Checking regex-based smells...
[2026-03-08 21:41:07] Running Data Flow and Taint Analysis...
[2026-03-08 21:41:07] Running ML-based Prediction Pipeline...
[2026-03-08 21:41:07] Analysis complete for C:\Users\hv190\OneDrive\ドキュメント\Semester\CD\ML-Basedcodesmelldetectotion compiler\temp_analysis.py. Found 1 smells.
[2026-03-08 21:41:13] Starting analysis of C:\Users\hv190\OneDrive\ドキュメント\Semester\CD\ML-Basedcodesmelldetectotion compiler\temp_analysis.py
[2026-03-08 21:41:13] AST parsing complete. Starting traversal...
[2026-03-08 21:41:13] AST traversal complete. Checking regex-based smells...
[2026-03-08 21:41:13] Running Data Flow and Taint Analysis...
[2026-03-08 21:41:13] Running ML-based Prediction Pipeline...
[2026-03-08 21:41:13] Analysis complete for C:\Users\hv190\OneDrive\ドキュメント\Semester\CD\ML-Basedcodesmelldetectotion compiler\temp_analysis.py. Found 1 smells.
[2026-03-08 21:41:16] Starting analysis of C:\Users\hv190\OneDrive\ドキュメント\Semester\CD\ML-Basedcodesmelldetectotion compiler\temp_analysis.py
[2026-03-08 21:41:16] AST parsing complete. Starting traversal...
[2026-03-08 21:41:16] AST traversal complete. Checking regex-based smells...
[2026-03-08 21:41:16] Running Data Flow and Taint Analysis...
[2026-03-08 21:41:16] Running ML-based Prediction Pipeline...
[2026-03-08 21:41:16] Analysis complete for C:\Users\hv190\OneDrive\ドキュメント\Semester\CD\ML-Basedcodesmelldetectotion compiler\temp_analysis.py. Found 2 smells.
[2026-03-08 21:41:19] Starting analysis of C:\Users\hv190\OneDrive\ドキュメント\Semester\CD\ML-Basedcodesmelldetectotion compiler\temp_analysis.py
[2026-03-08 21:41:19] AST parsing complete. Starting traversal...
[2026-03-08 21:41:19] AST traversal complete. Checking regex-based smells...
[2026-03-08 21:41:19] Running Data Flow and Taint Analysis...
[2026-03-08 21:41:19] Running ML-based Prediction Pipeline...
[2026-03-08 21:41:19] Analysis complete for C:\Users\hv190\OneDrive\ドキュメント\Semester\CD\ML-Basedcodesmelldetectotion compiler\temp_analysis.py. Found 2 smells.
[2026-03-08 21:41:22] Starting analysis of C:\Users\hv190\OneDrive\ドキュメント\Semester\CD\ML-Basedcodesmelldetectotion compiler\temp_analysis.py
[2026-03-08 21:41:22] AST parsing complete. Starting traversal...
[2026-03-08 21:41:22] AST traversal complete. Checking regex-based smells...
[2026-03-08 21:41:22] Running Data Flow and Taint Analysis...
[2026-03-08 21:41:22] Running ML-based Prediction Pipeline...
[2026-03-08 21:41:22] Analysis complete for C:\Users\hv190\OneDrive\ドキュメント\Semester\CD\ML-Basedcodesmelldetectotion compiler\temp_analysis.py. Found 3 smells.
[2026-03-08 21:41:27] Starting analysis of C:\Users\hv190\OneDrive\ドキュメント\Semester\CD\ML-Basedcodesmelldetectotion compiler\temp_analysis.py
[2026-03-08 21:41:27] AST parsing complete. Starting traversal...
[2026-03-08 21:41:27] AST traversal complete. Checking regex-based smells...
[2026-03-08 21:41:27] Running Data Flow and Taint Analysis...
[2026-03-08 21:41:27] Running ML-based Prediction Pipeline...
[2026-03-08 21:41:27] Analysis complete for C:\Users\hv190\OneDrive\ドキュメント\Semester\CD\ML-Basedcodesmelldetectotion compiler\temp_analysis.py. Found 1 smells.
[2026-03-08 21:41:35] Starting analysis of C:\Users\hv190\OneDrive\ドキュメント\Semester\CD\ML-Basedcodesmelldetectotion compiler\temp_analysis.py
[2026-03-08 21:41:35] AST parsing complete. Starting traversal...
[2026-03-08 21:41:35] AST traversal complete. Checking regex-based smells...
[2026-03-08 21:41:35] Running Data Flow and Taint Analysis...
[2026-03-08 21:41:35] Running ML-based Prediction Pipeline...
[2026-03-08 21:41:35] Analysis complete for C:\Users\hv190\OneDrive\ドキュメント\Semester\CD\ML-Basedcodesmelldetectotion compiler\temp_analysis.py. Found 2 smells.
[2026-03-08 21:41:38] Starting analysis of C:\Users\hv190\OneDrive\ドキュメント\Semester\CD\ML-Basedcodesmelldetectotion compiler\temp_analysis.py
[2026-03-08 21:41:38] AST parsing complete. Starting traversal...
[2026-03-08 21:41:38] AST traversal complete. Checking regex-based smells...
[2026-03-08 21:41:38] Running Data Flow and Taint Analysis...
[2026-03-08 21:41:38] Running ML-based Prediction Pipeline...
[2026-03-08 21:41:38] Analysis complete for C:\Users\hv190\OneDrive\ドキュメント\Semester\CD\ML-Basedcodesmelldetectotion compiler\temp_analysis.py. Found 1 smells.
[2026-03-08 21:41:41] Starting analysis of C:\Users\hv190\OneDrive\ドキュメント\Semester\CD\ML-Basedcodesmelldetectotion compiler\temp_analysis.py
[2026-03-08 21:41:41] AST parsing complete. Starting traversal...
[2026-03-08 21:41:41] AST traversal complete. Checking regex-based smells...
[2026-03-08 21:41:41] Running Data Flow and Taint Analysis...
[2026-03-08 21:41:41] Running ML-based Prediction Pipeline...
[2026-03-08 21:41:41] Analysis complete for C:\Users\hv190\OneDrive\ドキュメント\Semester\CD\ML-Basedcodesmelldetectotion compiler\temp_analysis.py. Found 0 smells.
[2026-03-08 21:42:17] Starting analysis of C:\Users\hv190\OneDrive\ドキュメント\Semester\CD\ML-Basedcodesmelldetectotion compiler\temp_analysis.py
[2026-03-08 21:42:17] AST parsing complete. Starting traversal...
[2026-03-08 21:42:17] AST traversal complete. Checking regex-based smells...
[2026-03-08 21:42:17] Running Data Flow and Taint Analysis...
[2026-03-08 21:42:17] Running ML-based Prediction Pipeline...
[2026-03-08 21:42:17] Analysis complete for C:\Users\hv190\OneDrive\ドキュメント\Semester\CD\ML-Basedcodesmelldetectotion compiler\temp_analysis.py. Found 2 smells.
[2026-03-08 21:42:31] Starting analysis of C:\Users\hv190\OneDrive\ドキュメント\Semester\CD\ML-Basedcodesmelldetectotion compiler\temp_analysis.py
[2026-03-08 21:42:31] AST parsing complete. Starting traversal...
[2026-03-08 21:42:31] AST traversal complete. Checking regex-based smells...
[2026-03-08 21:42:31] Running Data Flow and Taint Analysis...
[2026-03-08 21:42:31] Running ML-based Prediction Pipeline...
[2026-03-08 21:42:31] Analysis complete for C:\Users\hv190\OneDrive\ドキュメント\Semester\CD\ML-Basedcodesmelldetectotion compiler\temp_analysis.py. Found 3 smells.
[2026-03-08 21:49:38] Starting analysis of C:\Users\hv190\OneDrive\ドキュメント\Semester\CD\ML-Basedcodesmelldetectotion compiler\temp_analysis.py
[2026-03-08 21:49:38] AST parsing complete. Starting traversal...
[2026-03-08 21:49:38] AST traversal complete. Checking regex-based smells...
[2026-03-08 21:49:38] Running Data Flow and Taint Analysis...
[2026-03-08 21:49:38] Running ML-based Prediction Pipeline...
[2026-03-08 21:49:39] Analysis complete for C:\Users\hv190\OneDrive\ドキュメント\Semester\CD\ML-Basedcodesmelldetectotion compiler\temp_analysis.py. Found 2 smells.
[2026-03-08 21:51:39] Starting analysis of C:\Users\hv190\OneDrive\ドキュメント\Semester\CD\ML-Basedcodesmelldetectotion compiler\temp_analysis.py
[2026-03-08 21:51:39] AST parsing complete. Starting traversal...
[2026-03-08 21:51:39] AST traversal complete. Checking regex-based smells...
[2026-03-08 21:51:39] Running Data Flow and Taint Analysis...
[2026-03-08 21:51:39] Running ML-based Prediction Pipeline...
[2026-03-08 21:51:39] Analysis complete for C:\Users\hv190\OneDrive\ドキュメント\Semester\CD\ML-Basedcodesmelldetectotion compiler\temp_analysis.py. Found 2 smells.
[2026-03-08 21:51:50] Starting analysis of C:\Users\hv190\OneDrive\ドキュメント\Semester\CD\ML-Basedcodesmelldetectotion compiler\temp_analysis.py
[2026-03-08 21:51:50] AST parsing complete. Starting traversal...
[2026-03-08 21:51:50] AST traversal complete. Checking regex-based smells...
[2026-03-08 21:51:50] Running Data Flow and Taint Analysis...
[2026-03-08 21:51:50] Running ML-based Prediction Pipeline...
[2026-03-08 21:51:50] Analysis complete for C:\Users\hv190\OneDrive\ドキュメント\Semester\CD\ML-Basedcodesmelldetectotion compiler\temp_analysis.py. Found 2 smells.
[2026-03-08 21:54:46] Starting analysis of C:\Users\hv190\OneDrive\ドキュメント\Semester\CD\ML-Basedcodesmelldetectotion compiler\temp_analysis.py
[2026-03-08 21:54:46] AST parsing complete. Starting traversal...
[2026-03-08 21:54:46] AST traversal complete. Checking regex-based smells...
[2026-03-08 21:54:46] Running Data Flow and Taint Analysis...
[2026-03-08 21:54:46] Running ML-based Prediction Pipeline...
[2026-03-08 21:54:46] Analysis complete for C:\Users\hv190\OneDrive\ドキュメント\Semester\CD\ML-Basedcodesmelldetectotion compiler\temp_analysis.py. Found 2 smells.
[2026-03-08 21:54:56] Starting analysis of C:\Users\hv190\OneDrive\ドキュメント\Semester\CD\ML-Basedcodesmelldetectotion compiler\temp_analysis.py
[2026-03-08 21:54:56] AST parsing complete. Starting traversal...
[2026-03-08 21:54:56] AST traversal complete. Checking regex-based smells...
[2026-03-08 21:54:56] Running Data Flow and Taint Analysis...
[2026-03-08 21:54:56] Running ML-based Prediction Pipeline...
[2026-03-08 21:54:56] Analysis complete for C:\Users\hv190\OneDrive\ドキュメント\Semester\CD\ML-Basedcodesmelldetectotion compiler\temp_analysis.py. Found 2 smells.
