[2026-03-03 15:49:15] Starting analysis of C:\Users\hv190\OneDrive\ドキュメント\Semester\CD\ML-Basedcodesmelldetectotion compiler\api.py
[2026-03-03 15:49:15] AST parsing complete. Starting traversal...
[2026-03-03 15:49:15] AST traversal complete. Checking regex-based smells...
[2026-03-03 15:49:15] Running Data Flow and Taint Analysis...
[2026-03-03 15:49:15] Analysis complete for C:\Users\hv190\OneDrive\ドキュメント\Semester\CD\ML-Basedcodesmelldetectotion compiler\api.py. Found 0 smells.
[2026-03-03 15:49:15] Starting analysis of C:\Users\hv190\OneDrive\ドキュメント\Semester\CD\ML-Basedcodesmelldetectotion compiler\clean_code.py
[2026-03-03 15:49:15] AST parsing complete. Starting traversal...
[2026-03-03 15:49:15] AST traversal complete. Checking regex-based smells...
[2026-03-03 15:49:15] Running Data Flow and Taint Analysis...
[2026-03-03 15:49:15] Analysis complete for C:\Users\hv190\OneDrive\ドキュメント\Semester\CD\ML-Basedcodesmelldetectotion compiler\clean_code.py. Found 0 smells.
[2026-03-03 15:49:15] Starting analysis of C:\Users\hv190\OneDrive\ドキュメント\Semester\CD\ML-Basedcodesmelldetectotion compiler\generate_docs_data.py
[2026-03-03 15:49:15] AST parsing complete. Starting traversal...
[2026-03-03 15:49:15] AST traversal complete. Checking regex-based smells...
[2026-03-03 15:49:15] Running Data Flow and Taint Analysis...
[2026-03-03 15:49:15] Analysis complete for C:\Users\hv190\OneDrive\ドキュメント\Semester\CD\ML-Basedcodesmelldetectotion compiler\generate_docs_data.py. Found 0 smells.
[2026-03-03 15:49:15] Starting analysis of C:\Users\hv190\OneDrive\ドキュメント\Semester\CD\ML-Basedcodesmelldetectotion compiler\setup_db.py
[2026-03-03 15:49:15] AST parsing complete. Starting traversal...
[2026-03-03 15:49:15] AST traversal complete. Checking regex-based smells...
[2026-03-03 15:49:15] Running Data Flow and Taint Analysis...
[2026-03-03 15:49:15] Analysis complete for C:\Users\hv190\OneDrive\ドキュメント\Semester\CD\ML-Basedcodesmelldetectotion compiler\setup_db.py. Found 0 smells.
[2026-03-03 15:49:15] Starting analysis of C:\Users\hv190\OneDrive\ドキュメント\Semester\CD\ML-Basedcodesmelldetectotion compiler\train_model.py
[2026-03-03 15:49:15] AST parsing complete. Starting traversal...
[2026-03-03 15:49:15] AST traversal complete. Checking regex-based smells...
[2026-03-03 15:49:15] Running Data Flow and Taint Analysis...
[2026-03-03 15:49:15] Analysis complete for C:\Users\hv190\OneDrive\ドキュメント\Semester\CD\ML-Basedcodesmelldetectotion compiler\train_model.py. Found 0 smells.
[2026-03-03 15:49:15] Starting analysis of C:\Users\hv190\OneDrive\ドキュメント\Semester\CD\ML-Basedcodesmelldetectotion compiler\vulnerable_code.py
[2026-03-03 15:49:15] AST parsing complete. Starting traversal...
[2026-03-03 15:49:15] AST traversal complete. Checking regex-based smells...
[2026-03-03 15:49:15] Running Data Flow and Taint Analysis...
[2026-03-03 15:49:15] Analysis complete for C:\Users\hv190\OneDrive\ドキュメント\Semester\CD\ML-Basedcodesmelldetectotion compiler\vulnerable_code.py. Found 6 smells.
[2026-03-03 15:49:15] Starting analysis of C:\Users\hv190\OneDrive\ドキュメント\Semester\CD\ML-Basedcodesmelldetectotion compiler\ml_code_smell\analyzer.py
[2026-03-03 15:49:15] AST parsing complete. Starting traversal...
[2026-03-03 15:49:15] AST traversal complete. Checking regex-based smells...
[2026-03-03 15:49:15] Running Data Flow and Taint Analysis...
[2026-03-03 15:49:15] Analysis complete for C:\Users\hv190\OneDrive\ドキュメント\Semester\CD\ML-Basedcodesmelldetectotion compiler\ml_code_smell\analyzer.py. Found 1 smells.
[2026-03-03 15:49:15] Starting analysis of C:\Users\hv190\OneDrive\ドキュメント\Semester\CD\ML-Basedcodesmelldetectotion compiler\ml_code_smell\cli.py
[2026-03-03 15:49:15] AST parsing complete. Starting traversal...
[2026-03-03 15:49:15] AST traversal complete. Checking regex-based smells...
[2026-03-03 15:49:15] Running Data Flow and Taint Analysis...
[2026-03-03 15:49:15] Analysis complete for C:\Users\hv190\OneDrive\ドキュメント\Semester\CD\ML-Basedcodesmelldetectotion compiler\ml_code_smell\cli.py. Found 0 smells.
[2026-03-03 15:49:15] Starting analysis of C:\Users\hv190\OneDrive\ドキュメント\Semester\CD\ML-Basedcodesmelldetectotion compiler\ml_code_smell\features.py
[2026-03-03 15:49:15] AST parsing complete. Starting traversal...
[2026-03-03 15:49:15] AST traversal complete. Checking regex-based smells...
[2026-03-03 15:49:15] Running Data Flow and Taint Analysis...
[2026-03-03 15:49:15] Analysis complete for C:\Users\hv190\OneDrive\ドキュメント\Semester\CD\ML-Basedcodesmelldetectotion compiler\ml_code_smell\features.py. Found 0 smells.
[2026-03-03 15:49:15] Starting analysis of C:\Users\hv190\OneDrive\ドキュメント\Semester\CD\ML-Basedcodesmelldetectotion compiler\ml_code_smell\ir_analysis.py
[2026-03-03 15:49:15] AST parsing complete. Starting traversal...
[2026-03-03 15:49:15] AST traversal complete. Checking regex-based smells...
[2026-03-03 15:49:15] Running Data Flow and Taint Analysis...
[2026-03-03 15:49:15] Analysis complete for C:\Users\hv190\OneDrive\ドキュメント\Semester\CD\ML-Basedcodesmelldetectotion compiler\ml_code_smell\ir_analysis.py. Found 4 smells.
[2026-03-03 15:49:15] Starting analysis of C:\Users\hv190\OneDrive\ドキュメント\Semester\CD\ML-Basedcodesmelldetectotion compiler\ml_code_smell\model.py
[2026-03-03 15:49:15] AST parsing complete. Starting traversal...
[2026-03-03 15:49:15] AST traversal complete. Checking regex-based smells...
[2026-03-03 15:49:15] Running Data Flow and Taint Analysis...
[2026-03-03 15:49:15] Analysis complete for C:\Users\hv190\OneDrive\ドキュメント\Semester\CD\ML-Basedcodesmelldetectotion compiler\ml_code_smell\model.py. Found 0 smells.
[2026-03-03 15:49:15] Starting analysis of C:\Users\hv190\OneDrive\ドキュメント\Semester\CD\ML-Basedcodesmelldetectotion compiler\ml_code_smell\stats.py
[2026-03-03 15:49:15] AST parsing complete. Starting traversal...
[2026-03-03 15:49:15] AST traversal complete. Checking regex-based smells...
[2026-03-03 15:49:15] Running Data Flow and Taint Analysis...
[2026-03-03 15:49:15] Analysis complete for C:\Users\hv190\OneDrive\ドキュメント\Semester\CD\ML-Basedcodesmelldetectotion compiler\ml_code_smell\stats.py. Found 1 smells.
[2026-03-03 15:49:15] Starting analysis of C:\Users\hv190\OneDrive\ドキュメント\Semester\CD\ML-Basedcodesmelldetectotion compiler\ml_code_smell\visualizer.py
[2026-03-03 15:49:15] AST parsing complete. Starting traversal...
[2026-03-03 15:49:15] AST traversal complete. Checking regex-based smells...
[2026-03-03 15:49:15] Running Data Flow and Taint Analysis...
[2026-03-03 15:49:15] Analysis complete for C:\Users\hv190\OneDrive\ドキュメント\Semester\CD\ML-Basedcodesmelldetectotion compiler\ml_code_smell\visualizer.py. Found 0 smells.
[2026-03-03 15:49:15] Starting analysis of C:\Users\hv190\OneDrive\ドキュメント\Semester\CD\ML-Basedcodesmelldetectotion compiler\ml_code_smell\__init__.py
[2026-03-03 15:49:15] AST parsing complete. Starting traversal...
[2026-03-03 15:49:15] AST traversal complete. Checking regex-based smells...
[2026-03-03 15:49:15] Running Data Flow and Taint Analysis...
[2026-03-03 15:49:15] Analysis complete for C:\Users\hv190\OneDrive\ドキュメント\Semester\CD\ML-Basedcodesmelldetectotion compiler\ml_code_smell\__init__.py. Found 0 smells.
[2026-03-03 15:49:15] Starting analysis of C:\Users\hv190\OneDrive\ドキュメント\Semester\CD\ML-Basedcodesmelldetectotion compiler\ml_code_smell\__main__.py
[2026-03-03 15:49:15] AST parsing complete. Starting traversal...
[2026-03-03 15:49:15] AST traversal complete. Checking regex-based smells...
[2026-03-03 15:49:15] Running Data Flow and Taint Analysis...
[2026-03-03 15:49:15] Analysis complete for C:\Users\hv190\OneDrive\ドキュメント\Semester\CD\ML-Basedcodesmelldetectotion compiler\ml_code_smell\__main__.py. Found 0 smells.
[2026-03-03 15:51:11] Starting analysis of C:\Users\hv190\OneDrive\ドキュメント\Semester\CD\ML-Basedcodesmelldetectotion compiler\api.py
[2026-03-03 15:51:11] AST parsing complete. Starting traversal...
[2026-03-03 15:51:11] AST traversal complete. Checking regex-based smells...
[2026-03-03 15:51:11] Running Data Flow and Taint Analysis...
[2026-03-03 15:51:11] Analysis complete for C:\Users\hv190\OneDrive\ドキュメント\Semester\CD\ML-Basedcodesmelldetectotion compiler\api.py. Found 0 smells.
[2026-03-03 15:51:11] Starting analysis of C:\Users\hv190\OneDrive\ドキュメント\Semester\CD\ML-Basedcodesmelldetectotion compiler\clean_code.py
[2026-03-03 15:51:11] AST parsing complete. Starting traversal...
[2026-03-03 15:51:11] AST traversal complete. Checking regex-based smells...
[2026-03-03 15:51:11] Running Data Flow and Taint Analysis...
[2026-03-03 15:51:11] Analysis complete for C:\Users\hv190\OneDrive\ドキュメント\Semester\CD\ML-Basedcodesmelldetectotion compiler\clean_code.py. Found 0 smells.
[2026-03-03 15:51:11] Starting analysis of C:\Users\hv190\OneDrive\ドキュメント\Semester\CD\ML-Basedcodesmelldetectotion compiler\generate_docs_data.py
[2026-03-03 15:51:11] AST parsing complete. Starting traversal...
[2026-03-03 15:51:11] AST traversal complete. Checking regex-based smells...
[2026-03-03 15:51:11] Running Data Flow and Taint Analysis...
[2026-03-03 15:51:11] Analysis complete for C:\Users\hv190\OneDrive\ドキュメント\Semester\CD\ML-Basedcodesmelldetectotion compiler\generate_docs_data.py. Found 0 smells.
[2026-03-03 15:51:11] Starting analysis of C:\Users\hv190\OneDrive\ドキュメント\Semester\CD\ML-Basedcodesmelldetectotion compiler\setup_db.py
[2026-03-03 15:51:11] AST parsing complete. Starting traversal...
[2026-03-03 15:51:11] AST traversal complete. Checking regex-based smells...
[2026-03-03 15:51:11] Running Data Flow and Taint Analysis...
[2026-03-03 15:51:11] Analysis complete for C:\Users\hv190\OneDrive\ドキュメント\Semester\CD\ML-Basedcodesmelldetectotion compiler\setup_db.py. Found 0 smells.
[2026-03-03 15:51:11] Starting analysis of C:\Users\hv190\OneDrive\ドキュメント\Semester\CD\ML-Basedcodesmelldetectotion compiler\train_model.py
[2026-03-03 15:51:11] AST parsing complete. Starting traversal...
[2026-03-03 15:51:11] AST traversal complete. Checking regex-based smells...
[2026-03-03 15:51:11] Running Data Flow and Taint Analysis...
[2026-03-03 15:51:11] Analysis complete for C:\Users\hv190\OneDrive\ドキュメント\Semester\CD\ML-Basedcodesmelldetectotion compiler\train_model.py. Found 0 smells.
[2026-03-03 15:51:11] Starting analysis of C:\Users\hv190\OneDrive\ドキュメント\Semester\CD\ML-Basedcodesmelldetectotion compiler\vulnerable_code.py
[2026-03-03 15:51:11] AST parsing complete. Starting traversal...
[2026-03-03 15:51:11] AST traversal complete. Checking regex-based smells...
[2026-03-03 15:51:11] Running Data Flow and Taint Analysis...
[2026-03-03 15:51:11] Analysis complete for C:\Users\hv190\OneDrive\ドキュメント\Semester\CD\ML-Basedcodesmelldetectotion compiler\vulnerable_code.py. Found 6 smells.
[2026-03-03 15:51:11] Starting analysis of C:\Users\hv190\OneDrive\ドキュメント\Semester\CD\ML-Basedcodesmelldetectotion compiler\ml_code_smell\analyzer.py
[2026-03-03 15:51:11] AST parsing complete. Starting traversal...
[2026-03-03 15:51:11] AST traversal complete. Checking regex-based smells...
[2026-03-03 15:51:11] Running Data Flow and Taint Analysis...
[2026-03-03 15:51:11] Analysis complete for C:\Users\hv190\OneDrive\ドキュメント\Semester\CD\ML-Basedcodesmelldetectotion compiler\ml_code_smell\analyzer.py. Found 1 smells.
[2026-03-03 15:51:11] Starting analysis of C:\Users\hv190\OneDrive\ドキュメント\Semester\CD\ML-Basedcodesmelldetectotion compiler\ml_code_smell\cli.py
[2026-03-03 15:51:11] AST parsing complete. Starting traversal...
[2026-03-03 15:51:11] AST traversal complete. Checking regex-based smells...
[2026-03-03 15:51:11] Running Data Flow and Taint Analysis...
[2026-03-03 15:51:11] Analysis complete for C:\Users\hv190\OneDrive\ドキュメント\Semester\CD\ML-Basedcodesmelldetectotion compiler\ml_code_smell\cli.py. Found 0 smells.
[2026-03-03 15:51:11] Starting analysis of C:\Users\hv190\OneDrive\ドキュメント\Semester\CD\ML-Basedcodesmelldetectotion compiler\ml_code_smell\features.py
[2026-03-03 15:51:11] AST parsing complete. Starting traversal...
[2026-03-03 15:51:11] AST traversal complete. Checking regex-based smells...
[2026-03-03 15:51:11] Running Data Flow and Taint Analysis...
[2026-03-03 15:51:11] Analysis complete for C:\Users\hv190\OneDrive\ドキュメント\Semester\CD\ML-Basedcodesmelldetectotion compiler\ml_code_smell\features.py. Found 0 smells.
[2026-03-03 15:51:11] Starting analysis of C:\Users\hv190\OneDrive\ドキュメント\Semester\CD\ML-Basedcodesmelldetectotion compiler\ml_code_smell\ir_analysis.py
[2026-03-03 15:51:11] AST parsing complete. Starting traversal...
[2026-03-03 15:51:11] AST traversal complete. Checking regex-based smells...
[2026-03-03 15:51:11] Running Data Flow and Taint Analysis...
[2026-03-03 15:51:11] Analysis complete for C:\Users\hv190\OneDrive\ドキュメント\Semester\CD\ML-Basedcodesmelldetectotion compiler\ml_code_smell\ir_analysis.py. Found 4 smells.
[2026-03-03 15:51:11] Starting analysis of C:\Users\hv190\OneDrive\ドキュメント\Semester\CD\ML-Basedcodesmelldetectotion compiler\ml_code_smell\model.py
[2026-03-03 15:51:11] AST parsing complete. Starting traversal...
[2026-03-03 15:51:11] AST traversal complete. Checking regex-based smells...
[2026-03-03 15:51:11] Running Data Flow and Taint Analysis...
[2026-03-03 15:51:11] Analysis complete for C:\Users\hv190\OneDrive\ドキュメント\Semester\CD\ML-Basedcodesmelldetectotion compiler\ml_code_smell\model.py. Found 0 smells.
[2026-03-03 15:51:11] Starting analysis of C:\Users\hv190\OneDrive\ドキュメント\Semester\CD\ML-Basedcodesmelldetectotion compiler\ml_code_smell\stats.py
[2026-03-03 15:51:11] AST parsing complete. Starting traversal...
[2026-03-03 15:51:11] AST traversal complete. Checking regex-based smells...
[2026-03-03 15:51:11] Running Data Flow and Taint Analysis...
[2026-03-03 15:51:11] Analysis complete for C:\Users\hv190\OneDrive\ドキュメント\Semester\CD\ML-Basedcodesmelldetectotion compiler\ml_code_smell\stats.py. Found 1 smells.
[2026-03-03 15:51:11] Starting analysis of C:\Users\hv190\OneDrive\ドキュメント\Semester\CD\ML-Basedcodesmelldetectotion compiler\ml_code_smell\visualizer.py
[2026-03-03 15:51:11] AST parsing complete. Starting traversal...
[2026-03-03 15:51:11] AST traversal complete. Checking regex-based smells...
[2026-03-03 15:51:11] Running Data Flow and Taint Analysis...
[2026-03-03 15:51:11] Analysis complete for C:\Users\hv190\OneDrive\ドキュメント\Semester\CD\ML-Basedcodesmelldetectotion compiler\ml_code_smell\visualizer.py. Found 0 smells.
[2026-03-03 15:51:11] Starting analysis of C:\Users\hv190\OneDrive\ドキュメント\Semester\CD\ML-Basedcodesmelldetectotion compiler\ml_code_smell\__init__.py
[2026-03-03 15:51:11] AST parsing complete. Starting traversal...
[2026-03-03 15:51:11] AST traversal complete. Checking regex-based smells...
[2026-03-03 15:51:11] Running Data Flow and Taint Analysis...
[2026-03-03 15:51:11] Analysis complete for C:\Users\hv190\OneDrive\ドキュメント\Semester\CD\ML-Basedcodesmelldetectotion compiler\ml_code_smell\__init__.py. Found 0 smells.
[2026-03-03 15:51:11] Starting analysis of C:\Users\hv190\OneDrive\ドキュメント\Semester\CD\ML-Basedcodesmelldetectotion compiler\ml_code_smell\__main__.py
[2026-03-03 15:51:11] AST parsing complete. Starting traversal...
[2026-03-03 15:51:11] AST traversal complete. Checking regex-based smells...
[2026-03-03 15:51:11] Running Data Flow and Taint Analysis...
[2026-03-03 15:51:11] Analysis complete for C:\Users\hv190\OneDrive\ドキュメント\Semester\CD\ML-Basedcodesmelldetectotion compiler\ml_code_smell\__main__.py. Found 0 smells.
[2026-03-03 15:52:42] Starting analysis of C:\Users\hv190\OneDrive\ドキュメント\Semester\CD\ML-Basedcodesmelldetectotion compiler\api.py
[2026-03-03 15:52:42] AST parsing complete. Starting traversal...
[2026-03-03 15:52:42] AST traversal complete. Checking regex-based smells...
[2026-03-03 15:52:42] Running Data Flow and Taint Analysis...
[2026-03-03 15:52:42] Analysis complete for C:\Users\hv190\OneDrive\ドキュメント\Semester\CD\ML-Basedcodesmelldetectotion compiler\api.py. Found 0 smells.
[2026-03-03 15:52:42] Starting analysis of C:\Users\hv190\OneDrive\ドキュメント\Semester\CD\ML-Basedcodesmelldetectotion compiler\clean_code.py
[2026-03-03 15:52:42] AST parsing complete. Starting traversal...
[2026-03-03 15:52:42] AST traversal complete. Checking regex-based smells...
[2026-03-03 15:52:42] Running Data Flow and Taint Analysis...
[2026-03-03 15:52:42] Analysis complete for C:\Users\hv190\OneDrive\ドキュメント\Semester\CD\ML-Basedcodesmelldetectotion compiler\clean_code.py. Found 0 smells.
[2026-03-03 15:52:42] Starting analysis of C:\Users\hv190\OneDrive\ドキュメント\Semester\CD\ML-Basedcodesmelldetectotion compiler\generate_docs_data.py
[2026-03-03 15:52:42] AST parsing complete. Starting traversal...
[2026-03-03 15:52:42] AST traversal complete. Checking regex-based smells...
[2026-03-03 15:52:42] Running Data Flow and Taint Analysis...
[2026-03-03 15:52:42] Analysis complete for C:\Users\hv190\OneDrive\ドキュメント\Semester\CD\ML-Basedcodesmelldetectotion compiler\generate_docs_data.py. Found 0 smells.
[2026-03-03 15:52:42] Starting analysis of C:\Users\hv190\OneDrive\ドキュメント\Semester\CD\ML-Basedcodesmelldetectotion compiler\setup_db.py
[2026-03-03 15:52:42] AST parsing complete. Starting traversal...
[2026-03-03 15:52:42] AST traversal complete. Checking regex-based smells...
[2026-03-03 15:52:42] Running Data Flow and Taint Analysis...
[2026-03-03 15:52:42] Analysis complete for C:\Users\hv190\OneDrive\ドキュメント\Semester\CD\ML-Basedcodesmelldetectotion compiler\setup_db.py. Found 0 smells.
[2026-03-03 15:52:42] Starting analysis of C:\Users\hv190\OneDrive\ドキュメント\Semester\CD\ML-Basedcodesmelldetectotion compiler\train_model.py
[2026-03-03 15:52:42] AST parsing complete. Starting traversal...
[2026-03-03 15:52:42] AST traversal complete. Checking regex-based smells...
[2026-03-03 15:52:42] Running Data Flow and Taint Analysis...
[2026-03-03 15:52:42] Analysis complete for C:\Users\hv190\OneDrive\ドキュメント\Semester\CD\ML-Basedcodesmelldetectotion compiler\train_model.py. Found 0 smells.
[2026-03-03 15:52:42] Starting analysis of C:\Users\hv190\OneDrive\ドキュメント\Semester\CD\ML-Basedcodesmelldetectotion compiler\vulnerable_code.py
[2026-03-03 15:52:42] AST parsing complete. Starting traversal...
[2026-03-03 15:52:42] AST traversal complete. Checking regex-based smells...
[2026-03-03 15:52:42] Running Data Flow and Taint Analysis...
[2026-03-03 15:52:42] Analysis complete for C:\Users\hv190\OneDrive\ドキュメント\Semester\CD\ML-Basedcodesmelldetectotion compiler\vulnerable_code.py. Found 6 smells.
[2026-03-03 15:52:42] Starting analysis of C:\Users\hv190\OneDrive\ドキュメント\Semester\CD\ML-Basedcodesmelldetectotion compiler\ml_code_smell\analyzer.py
[2026-03-03 15:52:42] AST parsing complete. Starting traversal...
[2026-03-03 15:52:42] AST traversal complete. Checking regex-based smells...
[2026-03-03 15:52:42] Running Data Flow and Taint Analysis...
[2026-03-03 15:52:42] Analysis complete for C:\Users\hv190\OneDrive\ドキュメント\Semester\CD\ML-Basedcodesmelldetectotion compiler\ml_code_smell\analyzer.py. Found 1 smells.
[2026-03-03 15:52:42] Starting analysis of C:\Users\hv190\OneDrive\ドキュメント\Semester\CD\ML-Basedcodesmelldetectotion compiler\ml_code_smell\cli.py
[2026-03-03 15:52:42] AST parsing complete. Starting traversal...
[2026-03-03 15:52:42] AST traversal complete. Checking regex-based smells...
[2026-03-03 15:52:42] Running Data Flow and Taint Analysis...
[2026-03-03 15:52:42] Analysis complete for C:\Users\hv190\OneDrive\ドキュメント\Semester\CD\ML-Basedcodesmelldetectotion compiler\ml_code_smell\cli.py. Found 0 smells.
[2026-03-03 15:52:42] Starting analysis of C:\Users\hv190\OneDrive\ドキュメント\Semester\CD\ML-Basedcodesmelldetectotion compiler\ml_code_smell\features.py
[2026-03-03 15:52:42] AST parsing complete. Starting traversal...
[2026-03-03 15:52:42] AST traversal complete. Checking regex-based smells...
[2026-03-03 15:52:42] Running Data Flow and Taint Analysis...
[2026-03-03 15:52:42] Analysis complete for C:\Users\hv190\OneDrive\ドキュメント\Semester\CD\ML-Basedcodesmelldetectotion compiler\ml_code_smell\features.py. Found 0 smells.
[2026-03-03 15:52:42] Starting analysis of C:\Users\hv190\OneDrive\ドキュメント\Semester\CD\ML-Basedcodesmelldetectotion compiler\ml_code_smell\ir_analysis.py
[2026-03-03 15:52:42] AST parsing complete. Starting traversal...
[2026-03-03 15:52:42] AST traversal complete. Checking regex-based smells...
[2026-03-03 15:52:42] Running Data Flow and Taint Analysis...
[2026-03-03 15:52:42] Analysis complete for C:\Users\hv190\OneDrive\ドキュメント\Semester\CD\ML-Basedcodesmelldetectotion compiler\ml_code_smell\ir_analysis.py. Found 4 smells.
[2026-03-03 15:52:42] Starting analysis of C:\Users\hv190\OneDrive\ドキュメント\Semester\CD\ML-Basedcodesmelldetectotion compiler\ml_code_smell\model.py
[2026-03-03 15:52:42] AST parsing complete. Starting traversal...
[2026-03-03 15:52:42] AST traversal complete. Checking regex-based smells...
[2026-03-03 15:52:42] Running Data Flow and Taint Analysis...
[2026-03-03 15:52:42] Analysis complete for C:\Users\hv190\OneDrive\ドキュメント\Semester\CD\ML-Basedcodesmelldetectotion compiler\ml_code_smell\model.py. Found 0 smells.
[2026-03-03 15:52:42] Starting analysis of C:\Users\hv190\OneDrive\ドキュメント\Semester\CD\ML-Basedcodesmelldetectotion compiler\ml_code_smell\stats.py
[2026-03-03 15:52:42] AST parsing complete. Starting traversal...
[2026-03-03 15:52:42] AST traversal complete. Checking regex-based smells...
[2026-03-03 15:52:42] Running Data Flow and Taint Analysis...
[2026-03-03 15:52:42] Analysis complete for C:\Users\hv190\OneDrive\ドキュメント\Semester\CD\ML-Basedcodesmelldetectotion compiler\ml_code_smell\stats.py. Found 1 smells.
[2026-03-03 15:52:42] Starting analysis of C:\Users\hv190\OneDrive\ドキュメント\Semester\CD\ML-Basedcodesmelldetectotion compiler\ml_code_smell\visualizer.py
[2026-03-03 15:52:42] AST parsing complete. Starting traversal...
[2026-03-03 15:52:42] AST traversal complete. Checking regex-based smells...
[2026-03-03 15:52:42] Running Data Flow and Taint Analysis...
[2026-03-03 15:52:42] Analysis complete for C:\Users\hv190\OneDrive\ドキュメント\Semester\CD\ML-Basedcodesmelldetectotion compiler\ml_code_smell\visualizer.py. Found 0 smells.
[2026-03-03 15:52:42] Starting analysis of C:\Users\hv190\OneDrive\ドキュメント\Semester\CD\ML-Basedcodesmelldetectotion compiler\ml_code_smell\__init__.py
[2026-03-03 15:52:42] AST parsing complete. Starting traversal...
[2026-03-03 15:52:42] AST traversal complete. Checking regex-based smells...
[2026-03-03 15:52:42] Running Data Flow and Taint Analysis...
[2026-03-03 15:52:42] Analysis complete for C:\Users\hv190\OneDrive\ドキュメント\Semester\CD\ML-Basedcodesmelldetectotion compiler\ml_code_smell\__init__.py. Found 0 smells.
[2026-03-03 15:52:42] Starting analysis of C:\Users\hv190\OneDrive\ドキュメント\Semester\CD\ML-Basedcodesmelldetectotion compiler\ml_code_smell\__main__.py
[2026-03-03 15:52:42] AST parsing complete. Starting traversal...
[2026-03-03 15:52:42] AST traversal complete. Checking regex-based smells...
[2026-03-03 15:52:42] Running Data Flow and Taint Analysis...
[2026-03-03 15:52:42] Analysis complete for C:\Users\hv190\OneDrive\ドキュメント\Semester\CD\ML-Basedcodesmelldetectotion compiler\ml_code_smell\__main__.py. Found 0 smells.
